<?xml version="1.0" encoding="UTF-8"?>
<!-- Generated by org.testng.reporters.JUnitReportReporter -->
<testsuite hostname="WINDOWS-UNR7VLH" failures="0" tests="5" name="com.ebay.testScenarios.PlaceOrder" time="64.953" errors="0" timestamp="2023-04-11T16:38:08 IST" skipped="0">
  <testcase classname="com.ebay.testScenarios.PlaceOrder" name="LoginTest" time="20.948"/>
  <system-out/>
  <testcase classname="com.ebay.testScenarios.PlaceOrder" name="SearchProductPage" time="13.978"/>
  <system-out/>
  <testcase classname="com.ebay.testScenarios.PlaceOrder" name="SearchResultPage" time="10.933"/>
  <system-out/>
  <testcase classname="com.ebay.testScenarios.PlaceOrder" name="AddToCart" time="11.826"/>
  <system-out/>
  <testcase classname="com.ebay.testScenarios.PlaceOrder" name="LogOffpage" time="7.268"/>
  <system-out/>
</testsuite> <!-- com.ebay.testScenarios.PlaceOrder -->
